{
  "RSpec": {
    "coverage": {
      "/Users/riapatel/makers/week-10/bank-tech-test/spec/bank_account_spec.rb": {
        "lines": [
          1,
          null,
          1,
          6,
          null,
          1,
          1,
          1,
          null,
          null,
          null,
          1,
          1,
          4,
          null,
          null,
          1,
          2,
          null,
          null,
          null,
          1,
          1,
          1,
          4,
          null,
          null,
          1,
          2,
          null,
          null,
          null
        ]
      },
      "/Users/riapatel/makers/week-10/bank-tech-test/lib/bank_account.rb": {
        "lines": [
          1,
          1,
          null,
          1,
          5,
          null,
          null,
          1,
          3,
          2,
          null,
          null,
          1,
          2,
          1,
          null,
          null
        ]
      }
    },
    "timestamp": 1582557260
  }
}
